<?xml version="1.0" encoding="UTF-8"?>
<testsuite xmlns:xsi="http://www.w3.org/2001/XMLSchema-instance" xsi:noNamespaceSchemaLocation="https://maven.apache.org/surefire/maven-surefire-plugin/xsd/surefire-test-report.xsd" name="com.example.ipzlab3.IpzLab3ApplicationTests" time="3.782" tests="1" errors="0" skipped="0" failures="0">
  <properties>
    <property name="java.specification.version" value="17"/>
    <property name="sun.jnu.encoding" value="UTF-8"/>
    <property name="java.class.path" value="/Users/ulana/IdeaProjects/IPZLab3/target/test-classes:/Users/ulana/IdeaProjects/IPZLab3/target/classes:/Users/ulana/.m2/repository/org/springframework/boot/spring-boot-starter-thymeleaf/3.0.1-SNAPSHOT/spring-boot-starter-thymeleaf-3.0.1-SNAPSHOT.jar:/Users/ulana/.m2/repository/org/springframework/boot/spring-boot-starter/3.0.1-SNAPSHOT/spring-boot-starter-3.0.1-SNAPSHOT.jar:/Users/ulana/.m2/repository/org/springframework/boot/spring-boot-starter-logging/3.0.1-SNAPSHOT/spring-boot-starter-logging-3.0.1-SNAPSHOT.jar:/Users/ulana/.m2/repository/ch/qos/logback/logback-classic/1.4.5/logback-classic-1.4.5.jar:/Users/ulana/.m2/repository/ch/qos/logback/logback-core/1.4.5/logback-core-1.4.5.jar:/Users/ulana/.m2/repository/org/apache/logging/log4j/log4j-to-slf4j/2.19.0/log4j-to-slf4j-2.19.0.jar:/Users/ulana/.m2/repository/org/apache/logging/log4j/log4j-api/2.19.0/log4j-api-2.19.0.jar:/Users/ulana/.m2/repository/org/slf4j/jul-to-slf4j/2.0.4/jul-to-slf4j-2.0.4.jar:/Users/ulana/.m2/repository/jakarta/annotation/jakarta.annotation-api/2.1.1/jakarta.annotation-api-2.1.1.jar:/Users/ulana/.m2/repository/org/yaml/snakeyaml/1.33/snakeyaml-1.33.jar:/Users/ulana/.m2/repository/org/thymeleaf/thymeleaf-spring6/3.1.0.RELEASE/thymeleaf-spring6-3.1.0.RELEASE.jar:/Users/ulana/.m2/repository/org/thymeleaf/thymeleaf/3.1.0.RELEASE/thymeleaf-3.1.0.RELEASE.jar:/Users/ulana/.m2/repository/org/attoparser/attoparser/2.0.6.RELEASE/attoparser-2.0.6.RELEASE.jar:/Users/ulana/.m2/repository/org/unbescape/unbescape/1.1.6.RELEASE/unbescape-1.1.6.RELEASE.jar:/Users/ulana/.m2/repository/org/slf4j/slf4j-api/2.0.4/slf4j-api-2.0.4.jar:/Users/ulana/.m2/repository/org/mongodb/mongo-java-driver/3.12.12/mongo-java-driver-3.12.12.jar:/Users/ulana/.m2/repository/org/postgresql/postgresql/42.5.4/postgresql-42.5.4.jar:/Users/ulana/.m2/repository/org/checkerframework/checker-qual/3.5.0/checker-qual-3.5.0.jar:/Users/ulana/.m2/repository/org/springframework/boot/spring-boot-starter-web/3.0.1-SNAPSHOT/spring-boot-starter-web-3.0.1-SNAPSHOT.jar:/Users/ulana/.m2/repository/org/springframework/boot/spring-boot-starter-json/3.0.1-SNAPSHOT/spring-boot-starter-json-3.0.1-SNAPSHOT.jar:/Users/ulana/.m2/repository/com/fasterxml/jackson/core/jackson-databind/2.14.1/jackson-databind-2.14.1.jar:/Users/ulana/.m2/repository/com/fasterxml/jackson/core/jackson-annotations/2.14.1/jackson-annotations-2.14.1.jar:/Users/ulana/.m2/repository/com/fasterxml/jackson/core/jackson-core/2.14.1/jackson-core-2.14.1.jar:/Users/ulana/.m2/repository/com/fasterxml/jackson/datatype/jackson-datatype-jdk8/2.14.1/jackson-datatype-jdk8-2.14.1.jar:/Users/ulana/.m2/repository/com/fasterxml/jackson/datatype/jackson-datatype-jsr310/2.14.1/jackson-datatype-jsr310-2.14.1.jar:/Users/ulana/.m2/repository/com/fasterxml/jackson/module/jackson-module-parameter-names/2.14.1/jackson-module-parameter-names-2.14.1.jar:/Users/ulana/.m2/repository/org/springframework/boot/spring-boot-starter-tomcat/3.0.1-SNAPSHOT/spring-boot-starter-tomcat-3.0.1-SNAPSHOT.jar:/Users/ulana/.m2/repository/org/apache/tomcat/embed/tomcat-embed-core/10.1.1/tomcat-embed-core-10.1.1.jar:/Users/ulana/.m2/repository/org/apache/tomcat/embed/tomcat-embed-el/10.1.1/tomcat-embed-el-10.1.1.jar:/Users/ulana/.m2/repository/org/apache/tomcat/embed/tomcat-embed-websocket/10.1.1/tomcat-embed-websocket-10.1.1.jar:/Users/ulana/.m2/repository/org/springframework/spring-web/6.0.2/spring-web-6.0.2.jar:/Users/ulana/.m2/repository/org/springframework/spring-beans/6.0.2/spring-beans-6.0.2.jar:/Users/ulana/.m2/repository/io/micrometer/micrometer-observation/1.10.2/micrometer-observation-1.10.2.jar:/Users/ulana/.m2/repository/io/micrometer/micrometer-commons/1.10.2/micrometer-commons-1.10.2.jar:/Users/ulana/.m2/repository/org/springframework/spring-webmvc/6.0.2/spring-webmvc-6.0.2.jar:/Users/ulana/.m2/repository/org/springframework/spring-aop/6.0.2/spring-aop-6.0.2.jar:/Users/ulana/.m2/repository/org/springframework/spring-context/6.0.2/spring-context-6.0.2.jar:/Users/ulana/.m2/repository/org/springframework/spring-expression/6.0.2/spring-expression-6.0.2.jar:/Users/ulana/.m2/repository/org/springframework/boot/spring-boot-devtools/3.0.1-SNAPSHOT/spring-boot-devtools-3.0.1-SNAPSHOT.jar:/Users/ulana/.m2/repository/org/springframework/boot/spring-boot/3.0.1-SNAPSHOT/spring-boot-3.0.1-SNAPSHOT.jar:/Users/ulana/.m2/repository/org/springframework/boot/spring-boot-autoconfigure/3.0.1-SNAPSHOT/spring-boot-autoconfigure-3.0.1-SNAPSHOT.jar:/Users/ulana/.m2/repository/org/springframework/boot/spring-boot-configuration-processor/3.0.1-SNAPSHOT/spring-boot-configuration-processor-3.0.1-SNAPSHOT.jar:/Users/ulana/.m2/repository/org/springframework/boot/spring-boot-starter-test/3.0.1-SNAPSHOT/spring-boot-starter-test-3.0.1-SNAPSHOT.jar:/Users/ulana/.m2/repository/org/springframework/boot/spring-boot-test/3.0.1-SNAPSHOT/spring-boot-test-3.0.1-SNAPSHOT.jar:/Users/ulana/.m2/repository/org/springframework/boot/spring-boot-test-autoconfigure/3.0.1-SNAPSHOT/spring-boot-test-autoconfigure-3.0.1-SNAPSHOT.jar:/Users/ulana/.m2/repository/com/jayway/jsonpath/json-path/2.7.0/json-path-2.7.0.jar:/Users/ulana/.m2/repository/net/minidev/json-smart/2.4.8/json-smart-2.4.8.jar:/Users/ulana/.m2/repository/net/minidev/accessors-smart/2.4.8/accessors-smart-2.4.8.jar:/Users/ulana/.m2/repository/org/ow2/asm/asm/9.1/asm-9.1.jar:/Users/ulana/.m2/repository/jakarta/xml/bind/jakarta.xml.bind-api/4.0.0/jakarta.xml.bind-api-4.0.0.jar:/Users/ulana/.m2/repository/jakarta/activation/jakarta.activation-api/2.1.0/jakarta.activation-api-2.1.0.jar:/Users/ulana/.m2/repository/org/assertj/assertj-core/3.23.1/assertj-core-3.23.1.jar:/Users/ulana/.m2/repository/net/bytebuddy/byte-buddy/1.12.19/byte-buddy-1.12.19.jar:/Users/ulana/.m2/repository/org/hamcrest/hamcrest/2.2/hamcrest-2.2.jar:/Users/ulana/.m2/repository/org/junit/jupiter/junit-jupiter/5.9.1/junit-jupiter-5.9.1.jar:/Users/ulana/.m2/repository/org/junit/jupiter/junit-jupiter-api/5.9.1/junit-jupiter-api-5.9.1.jar:/Users/ulana/.m2/repository/org/opentest4j/opentest4j/1.2.0/opentest4j-1.2.0.jar:/Users/ulana/.m2/repository/org/junit/platform/junit-platform-commons/1.9.1/junit-platform-commons-1.9.1.jar:/Users/ulana/.m2/repository/org/apiguardian/apiguardian-api/1.1.2/apiguardian-api-1.1.2.jar:/Users/ulana/.m2/repository/org/junit/jupiter/junit-jupiter-params/5.9.1/junit-jupiter-params-5.9.1.jar:/Users/ulana/.m2/repository/org/junit/jupiter/junit-jupiter-engine/5.9.1/junit-jupiter-engine-5.9.1.jar:/Users/ulana/.m2/repository/org/junit/platform/junit-platform-engine/1.9.1/junit-platform-engine-1.9.1.jar:/Users/ulana/.m2/repository/org/mockito/mockito-core/4.8.1/mockito-core-4.8.1.jar:/Users/ulana/.m2/repository/net/bytebuddy/byte-buddy-agent/1.12.19/byte-buddy-agent-1.12.19.jar:/Users/ulana/.m2/repository/org/objenesis/objenesis/3.2/objenesis-3.2.jar:/Users/ulana/.m2/repository/org/mockito/mockito-junit-jupiter/4.8.1/mockito-junit-jupiter-4.8.1.jar:/Users/ulana/.m2/repository/org/skyscreamer/jsonassert/1.5.1/jsonassert-1.5.1.jar:/Users/ulana/.m2/repository/com/vaadin/external/google/android-json/0.0.20131108.vaadin1/android-json-0.0.20131108.vaadin1.jar:/Users/ulana/.m2/repository/org/springframework/spring-core/6.0.2/spring-core-6.0.2.jar:/Users/ulana/.m2/repository/org/springframework/spring-jcl/6.0.2/spring-jcl-6.0.2.jar:/Users/ulana/.m2/repository/org/springframework/spring-test/6.0.2/spring-test-6.0.2.jar:/Users/ulana/.m2/repository/org/xmlunit/xmlunit-core/2.9.0/xmlunit-core-2.9.0.jar:"/>
    <property name="java.vm.vendor" value="Amazon.com Inc."/>
    <property name="sun.arch.data.model" value="64"/>
    <property name="java.vendor.url" value="https://aws.amazon.com/corretto/"/>
    <property name="os.name" value="Mac OS X"/>
    <property name="java.vm.specification.version" value="17"/>
    <property name="sun.java.launcher" value="SUN_STANDARD"/>
    <property name="user.country" value="UA"/>
    <property name="sun.boot.library.path" value="/Users/ulana/Library/Java/JavaVirtualMachines/corretto-17.0.5/Contents/Home/lib"/>
    <property name="sun.java.command" value="/Users/ulana/IdeaProjects/IPZLab3/target/surefire/surefirebooter6920455801287285970.jar /Users/ulana/IdeaProjects/IPZLab3/target/surefire 2023-02-17T17-22-58_617-jvmRun1 surefire6825674085686952017tmp surefire_03150410634161412192tmp"/>
    <property name="http.nonProxyHosts" value="local|*.local|169.254/16|*.169.254/16"/>
    <property name="jdk.debug" value="release"/>
    <property name="surefire.test.class.path" value="/Users/ulana/IdeaProjects/IPZLab3/target/test-classes:/Users/ulana/IdeaProjects/IPZLab3/target/classes:/Users/ulana/.m2/repository/org/springframework/boot/spring-boot-starter-thymeleaf/3.0.1-SNAPSHOT/spring-boot-starter-thymeleaf-3.0.1-SNAPSHOT.jar:/Users/ulana/.m2/repository/org/springframework/boot/spring-boot-starter/3.0.1-SNAPSHOT/spring-boot-starter-3.0.1-SNAPSHOT.jar:/Users/ulana/.m2/repository/org/springframework/boot/spring-boot-starter-logging/3.0.1-SNAPSHOT/spring-boot-starter-logging-3.0.1-SNAPSHOT.jar:/Users/ulana/.m2/repository/ch/qos/logback/logback-classic/1.4.5/logback-classic-1.4.5.jar:/Users/ulana/.m2/repository/ch/qos/logback/logback-core/1.4.5/logback-core-1.4.5.jar:/Users/ulana/.m2/repository/org/apache/logging/log4j/log4j-to-slf4j/2.19.0/log4j-to-slf4j-2.19.0.jar:/Users/ulana/.m2/repository/org/apache/logging/log4j/log4j-api/2.19.0/log4j-api-2.19.0.jar:/Users/ulana/.m2/repository/org/slf4j/jul-to-slf4j/2.0.4/jul-to-slf4j-2.0.4.jar:/Users/ulana/.m2/repository/jakarta/annotation/jakarta.annotation-api/2.1.1/jakarta.annotation-api-2.1.1.jar:/Users/ulana/.m2/repository/org/yaml/snakeyaml/1.33/snakeyaml-1.33.jar:/Users/ulana/.m2/repository/org/thymeleaf/thymeleaf-spring6/3.1.0.RELEASE/thymeleaf-spring6-3.1.0.RELEASE.jar:/Users/ulana/.m2/repository/org/thymeleaf/thymeleaf/3.1.0.RELEASE/thymeleaf-3.1.0.RELEASE.jar:/Users/ulana/.m2/repository/org/attoparser/attoparser/2.0.6.RELEASE/attoparser-2.0.6.RELEASE.jar:/Users/ulana/.m2/repository/org/unbescape/unbescape/1.1.6.RELEASE/unbescape-1.1.6.RELEASE.jar:/Users/ulana/.m2/repository/org/slf4j/slf4j-api/2.0.4/slf4j-api-2.0.4.jar:/Users/ulana/.m2/repository/org/mongodb/mongo-java-driver/3.12.12/mongo-java-driver-3.12.12.jar:/Users/ulana/.m2/repository/org/postgresql/postgresql/42.5.4/postgresql-42.5.4.jar:/Users/ulana/.m2/repository/org/checkerframework/checker-qual/3.5.0/checker-qual-3.5.0.jar:/Users/ulana/.m2/repository/org/springframework/boot/spring-boot-starter-web/3.0.1-SNAPSHOT/spring-boot-starter-web-3.0.1-SNAPSHOT.jar:/Users/ulana/.m2/repository/org/springframework/boot/spring-boot-starter-json/3.0.1-SNAPSHOT/spring-boot-starter-json-3.0.1-SNAPSHOT.jar:/Users/ulana/.m2/repository/com/fasterxml/jackson/core/jackson-databind/2.14.1/jackson-databind-2.14.1.jar:/Users/ulana/.m2/repository/com/fasterxml/jackson/core/jackson-annotations/2.14.1/jackson-annotations-2.14.1.jar:/Users/ulana/.m2/repository/com/fasterxml/jackson/core/jackson-core/2.14.1/jackson-core-2.14.1.jar:/Users/ulana/.m2/repository/com/fasterxml/jackson/datatype/jackson-datatype-jdk8/2.14.1/jackson-datatype-jdk8-2.14.1.jar:/Users/ulana/.m2/repository/com/fasterxml/jackson/datatype/jackson-datatype-jsr310/2.14.1/jackson-datatype-jsr310-2.14.1.jar:/Users/ulana/.m2/repository/com/fasterxml/jackson/module/jackson-module-parameter-names/2.14.1/jackson-module-parameter-names-2.14.1.jar:/Users/ulana/.m2/repository/org/springframework/boot/spring-boot-starter-tomcat/3.0.1-SNAPSHOT/spring-boot-starter-tomcat-3.0.1-SNAPSHOT.jar:/Users/ulana/.m2/repository/org/apache/tomcat/embed/tomcat-embed-core/10.1.1/tomcat-embed-core-10.1.1.jar:/Users/ulana/.m2/repository/org/apache/tomcat/embed/tomcat-embed-el/10.1.1/tomcat-embed-el-10.1.1.jar:/Users/ulana/.m2/repository/org/apache/tomcat/embed/tomcat-embed-websocket/10.1.1/tomcat-embed-websocket-10.1.1.jar:/Users/ulana/.m2/repository/org/springframework/spring-web/6.0.2/spring-web-6.0.2.jar:/Users/ulana/.m2/repository/org/springframework/spring-beans/6.0.2/spring-beans-6.0.2.jar:/Users/ulana/.m2/repository/io/micrometer/micrometer-observation/1.10.2/micrometer-observation-1.10.2.jar:/Users/ulana/.m2/repository/io/micrometer/micrometer-commons/1.10.2/micrometer-commons-1.10.2.jar:/Users/ulana/.m2/repository/org/springframework/spring-webmvc/6.0.2/spring-webmvc-6.0.2.jar:/Users/ulana/.m2/repository/org/springframework/spring-aop/6.0.2/spring-aop-6.0.2.jar:/Users/ulana/.m2/repository/org/springframework/spring-context/6.0.2/spring-context-6.0.2.jar:/Users/ulana/.m2/repository/org/springframework/spring-expression/6.0.2/spring-expression-6.0.2.jar:/Users/ulana/.m2/repository/org/springframework/boot/spring-boot-devtools/3.0.1-SNAPSHOT/spring-boot-devtools-3.0.1-SNAPSHOT.jar:/Users/ulana/.m2/repository/org/springframework/boot/spring-boot/3.0.1-SNAPSHOT/spring-boot-3.0.1-SNAPSHOT.jar:/Users/ulana/.m2/repository/org/springframework/boot/spring-boot-autoconfigure/3.0.1-SNAPSHOT/spring-boot-autoconfigure-3.0.1-SNAPSHOT.jar:/Users/ulana/.m2/repository/org/springframework/boot/spring-boot-configuration-processor/3.0.1-SNAPSHOT/spring-boot-configuration-processor-3.0.1-SNAPSHOT.jar:/Users/ulana/.m2/repository/org/springframework/boot/spring-boot-starter-test/3.0.1-SNAPSHOT/spring-boot-starter-test-3.0.1-SNAPSHOT.jar:/Users/ulana/.m2/repository/org/springframework/boot/spring-boot-test/3.0.1-SNAPSHOT/spring-boot-test-3.0.1-SNAPSHOT.jar:/Users/ulana/.m2/repository/org/springframework/boot/spring-boot-test-autoconfigure/3.0.1-SNAPSHOT/spring-boot-test-autoconfigure-3.0.1-SNAPSHOT.jar:/Users/ulana/.m2/repository/com/jayway/jsonpath/json-path/2.7.0/json-path-2.7.0.jar:/Users/ulana/.m2/repository/net/minidev/json-smart/2.4.8/json-smart-2.4.8.jar:/Users/ulana/.m2/repository/net/minidev/accessors-smart/2.4.8/accessors-smart-2.4.8.jar:/Users/ulana/.m2/repository/org/ow2/asm/asm/9.1/asm-9.1.jar:/Users/ulana/.m2/repository/jakarta/xml/bind/jakarta.xml.bind-api/4.0.0/jakarta.xml.bind-api-4.0.0.jar:/Users/ulana/.m2/repository/jakarta/activation/jakarta.activation-api/2.1.0/jakarta.activation-api-2.1.0.jar:/Users/ulana/.m2/repository/org/assertj/assertj-core/3.23.1/assertj-core-3.23.1.jar:/Users/ulana/.m2/repository/net/bytebuddy/byte-buddy/1.12.19/byte-buddy-1.12.19.jar:/Users/ulana/.m2/repository/org/hamcrest/hamcrest/2.2/hamcrest-2.2.jar:/Users/ulana/.m2/repository/org/junit/jupiter/junit-jupiter/5.9.1/junit-jupiter-5.9.1.jar:/Users/ulana/.m2/repository/org/junit/jupiter/junit-jupiter-api/5.9.1/junit-jupiter-api-5.9.1.jar:/Users/ulana/.m2/repository/org/opentest4j/opentest4j/1.2.0/opentest4j-1.2.0.jar:/Users/ulana/.m2/repository/org/junit/platform/junit-platform-commons/1.9.1/junit-platform-commons-1.9.1.jar:/Users/ulana/.m2/repository/org/apiguardian/apiguardian-api/1.1.2/apiguardian-api-1.1.2.jar:/Users/ulana/.m2/repository/org/junit/jupiter/junit-jupiter-params/5.9.1/junit-jupiter-params-5.9.1.jar:/Users/ulana/.m2/repository/org/junit/jupiter/junit-jupiter-engine/5.9.1/junit-jupiter-engine-5.9.1.jar:/Users/ulana/.m2/repository/org/junit/platform/junit-platform-engine/1.9.1/junit-platform-engine-1.9.1.jar:/Users/ulana/.m2/repository/org/mockito/mockito-core/4.8.1/mockito-core-4.8.1.jar:/Users/ulana/.m2/repository/net/bytebuddy/byte-buddy-agent/1.12.19/byte-buddy-agent-1.12.19.jar:/Users/ulana/.m2/repository/org/objenesis/objenesis/3.2/objenesis-3.2.jar:/Users/ulana/.m2/repository/org/mockito/mockito-junit-jupiter/4.8.1/mockito-junit-jupiter-4.8.1.jar:/Users/ulana/.m2/repository/org/skyscreamer/jsonassert/1.5.1/jsonassert-1.5.1.jar:/Users/ulana/.m2/repository/com/vaadin/external/google/android-json/0.0.20131108.vaadin1/android-json-0.0.20131108.vaadin1.jar:/Users/ulana/.m2/repository/org/springframework/spring-core/6.0.2/spring-core-6.0.2.jar:/Users/ulana/.m2/repository/org/springframework/spring-jcl/6.0.2/spring-jcl-6.0.2.jar:/Users/ulana/.m2/repository/org/springframework/spring-test/6.0.2/spring-test-6.0.2.jar:/Users/ulana/.m2/repository/org/xmlunit/xmlunit-core/2.9.0/xmlunit-core-2.9.0.jar:"/>
    <property name="sun.cpu.endian" value="little"/>
    <property name="user.home" value="/Users/ulana"/>
    <property name="user.language" value="ru"/>
    <property name="java.specification.vendor" value="Oracle Corporation"/>
    <property name="java.version.date" value="2022-10-18"/>
    <property name="java.home" value="/Users/ulana/Library/Java/JavaVirtualMachines/corretto-17.0.5/Contents/Home"/>
    <property name="file.separator" value="/"/>
    <property name="basedir" value="/Users/ulana/IdeaProjects/IPZLab3"/>
    <property name="java.vm.compressedOopsMode" value="Zero based"/>
    <property name="line.separator" value="&#10;"/>
    <property name="java.specification.name" value="Java Platform API Specification"/>
    <property name="java.vm.specification.vendor" value="Oracle Corporation"/>
    <property name="surefire.real.class.path" value="/Users/ulana/IdeaProjects/IPZLab3/target/surefire/surefirebooter6920455801287285970.jar"/>
    <property name="sun.management.compiler" value="HotSpot 64-Bit Tiered Compilers"/>
    <property name="ftp.nonProxyHosts" value="local|*.local|169.254/16|*.169.254/16"/>
    <property name="java.runtime.version" value="17.0.5+8-LTS"/>
    <property name="user.name" value="ulana"/>
    <property name="path.separator" value=":"/>
    <property name="os.version" value="10.15.5"/>
    <property name="java.runtime.name" value="OpenJDK Runtime Environment"/>
    <property name="file.encoding" value="US-ASCII"/>
    <property name="java.vm.name" value="OpenJDK 64-Bit Server VM"/>
    <property name="java.vendor.version" value="Corretto-17.0.5.8.1"/>
    <property name="localRepository" value="/Users/ulana/.m2/repository"/>
    <property name="java.vendor.url.bug" value="https://github.com/corretto/corretto-17/issues/"/>
    <property name="java.io.tmpdir" value="/var/folders/xy/xb1s30rs2csbxqj4wxg7pwgr0000gn/T/"/>
    <property name="java.version" value="17.0.5"/>
    <property name="user.dir" value="/Users/ulana/IdeaProjects/IPZLab3"/>
    <property name="os.arch" value="x86_64"/>
    <property name="java.vm.specification.name" value="Java Virtual Machine Specification"/>
    <property name="native.encoding" value="US-ASCII"/>
    <property name="java.library.path" value="/Users/ulana/Library/Java/Extensions:/Library/Java/Extensions:/Network/Library/Java/Extensions:/System/Library/Java/Extensions:/usr/lib/java:."/>
    <property name="java.vm.info" value="mixed mode, sharing"/>
    <property name="java.vendor" value="Amazon.com Inc."/>
    <property name="java.vm.version" value="17.0.5+8-LTS"/>
    <property name="sun.io.unicode.encoding" value="UnicodeBig"/>
    <property name="socksNonProxyHosts" value="local|*.local|169.254/16|*.169.254/16"/>
    <property name="java.class.version" value="61.0"/>
  </properties>
  <testcase name="contextLoads" classname="com.example.ipzlab3.IpzLab3ApplicationTests" time="0.571"/>
</testsuite>